<?xml version="1.0" encoding="UTF-8"?>
<!-- Generated by org.testng.reporters.JUnitXMLReporter -->
<testsuite hostname="IXED-LAP000264" ignored="0" name="Surefire test" tests="15" failures="0" timestamp="30 Jun 2020 07:41:44 GMT" time="350.902" errors="0">
  <testcase name="Laptop_Desktop" time="20.932" classname="com.iexceed.TraditionalTestsV1.Task1"/>
  <testcase name="Laptop_Desktop" time="24.291" classname="com.iexceed.TraditionalTestsV1.Task1"/>
  <testcase name="Mobile" time="15.493" classname="com.iexceed.TraditionalTestsV1.Task1"/>
  <testcase name="Tab" time="19.19" classname="com.iexceed.TraditionalTestsV1.Task1"/>
  <testcase name="Tab" time="31.919" classname="com.iexceed.TraditionalTestsV1.Task1"/>
  <testcase name="Laptop_Desktop" time="7.471" classname="com.iexceed.TraditionalTestsV1.Task2"/>
  <testcase name="Laptop_Desktop" time="12.467" classname="com.iexceed.TraditionalTestsV1.Task2"/>
  <testcase name="Mobile" time="13.804" classname="com.iexceed.TraditionalTestsV1.Task2"/>
  <testcase name="Tab" time="18.054" classname="com.iexceed.TraditionalTestsV1.Task2"/>
  <testcase name="Tab" time="22.914" classname="com.iexceed.TraditionalTestsV1.Task2"/>
  <testcase name="Laptop_Desktop" time="10.653" classname="com.iexceed.TraditionalTestsV1.Task3"/>
  <testcase name="Laptop_Desktop" time="16.227" classname="com.iexceed.TraditionalTestsV1.Task3"/>
  <testcase name="Mobile" time="19.065" classname="com.iexceed.TraditionalTestsV1.Task3"/>
  <testcase name="Tab" time="30.344" classname="com.iexceed.TraditionalTestsV1.Task3"/>
  <testcase name="Tab" time="38.208" classname="com.iexceed.TraditionalTestsV1.Task3"/>
</testsuite> <!-- Surefire test -->
