-------------------------------------------------------------------------------
Test set: com.iexceed.ModernTestsV2.TestSuiteV2
-------------------------------------------------------------------------------
Tests run: 3, Failures: 0, Errors: 3, Skipped: 0, Time elapsed: 125.961 sec <<< FAILURE!
Task1(com.iexceed.ModernTestsV2.TestSuiteV2)  Time elapsed: 36.179 sec  <<< ERROR!
java.lang.Error: com.applitools.eyes.exceptions.DiffsFoundException: Test 'Task 1' of 'Hackathon Application' detected differences! See details at: https://eyes.applitools.com/app/batches/00000251808798591228/00000251808798588504?accountId=GAbcV77hvkmxJ5HytTJaag~~
	at com.applitools.eyes.visualgrid.services.VisualGridRunner.getAllTestResultsImpl(VisualGridRunner.java:462)
	at com.applitools.eyes.EyesRunner.getAllTestResults(EyesRunner.java:24)
	at com.applitools.eyes.EyesRunner.getAllTestResults(EyesRunner.java:18)
	at com.iexceed.ModernTestsV2.TestSuiteV2.tearDown(TestSuiteV2.java:60)
	at sun.reflect.NativeMethodAccessorImpl.invoke0(Native Method)
	at sun.reflect.NativeMethodAccessorImpl.invoke(NativeMethodAccessorImpl.java:62)
	at sun.reflect.DelegatingMethodAccessorImpl.invoke(DelegatingMethodAccessorImpl.java:43)
	at java.lang.reflect.Method.invoke(Method.java:498)
	at org.junit.runners.model.FrameworkMethod$1.runReflectiveCall(FrameworkMethod.java:50)
	at org.junit.internal.runners.model.ReflectiveCallable.run(ReflectiveCallable.java:12)
	at org.junit.runners.model.FrameworkMethod.invokeExplosively(FrameworkMethod.java:47)
	at org.junit.internal.runners.statements.RunAfters.evaluate(RunAfters.java:33)
	at org.junit.runners.ParentRunner.runLeaf(ParentRunner.java:325)
	at org.junit.runners.BlockJUnit4ClassRunner.runChild(BlockJUnit4ClassRunner.java:78)
	at org.junit.runners.BlockJUnit4ClassRunner.runChild(BlockJUnit4ClassRunner.java:57)
	at org.junit.runners.ParentRunner$3.run(ParentRunner.java:290)
	at org.junit.runners.ParentRunner$1.schedule(ParentRunner.java:71)
	at org.junit.runners.ParentRunner.runChildren(ParentRunner.java:288)
	at org.junit.runners.ParentRunner.access$000(ParentRunner.java:58)
	at org.junit.runners.ParentRunner$2.evaluate(ParentRunner.java:268)
	at org.junit.internal.runners.statements.RunBefores.evaluate(RunBefores.java:26)
	at org.junit.runners.ParentRunner.run(ParentRunner.java:363)
	at org.apache.maven.surefire.junit4.JUnit4Provider.execute(JUnit4Provider.java:252)
	at org.apache.maven.surefire.junit4.JUnit4Provider.executeTestSet(JUnit4Provider.java:141)
	at org.apache.maven.surefire.junit4.JUnit4Provider.invoke(JUnit4Provider.java:112)
	at sun.reflect.NativeMethodAccessorImpl.invoke0(Native Method)
	at sun.reflect.NativeMethodAccessorImpl.invoke(NativeMethodAccessorImpl.java:62)
	at sun.reflect.DelegatingMethodAccessorImpl.invoke(DelegatingMethodAccessorImpl.java:43)
	at java.lang.reflect.Method.invoke(Method.java:498)
	at org.apache.maven.surefire.util.ReflectionUtils.invokeMethodWithArray(ReflectionUtils.java:189)
	at org.apache.maven.surefire.booter.ProviderFactory$ProviderProxy.invoke(ProviderFactory.java:165)
	at org.apache.maven.surefire.booter.ProviderFactory.invokeProvider(ProviderFactory.java:85)
	at org.apache.maven.surefire.booter.ForkedBooter.runSuitesInProcess(ForkedBooter.java:115)
	at org.apache.maven.surefire.booter.ForkedBooter.main(ForkedBooter.java:75)
Caused by: com.applitools.eyes.exceptions.DiffsFoundException: Test 'Task 1' of 'Hackathon Application' detected differences! See details at: https://eyes.applitools.com/app/batches/00000251808798591228/00000251808798588504?accountId=GAbcV77hvkmxJ5HytTJaag~~
	at com.applitools.eyes.EyesBase.logSessionResultsAndThrowException(EyesBase.java:528)
	at com.applitools.eyes.EyesBase.close(EyesBase.java:501)
	at com.applitools.eyes.visualgrid.services.VisualGridTask.call(VisualGridTask.java:161)
	at com.applitools.eyes.visualgrid.services.VisualGridTask.call(VisualGridTask.java:18)
	at java.util.concurrent.FutureTask.run(FutureTask.java:266)
	at java.util.concurrent.Executors$RunnableAdapter.call(Executors.java:511)
	at java.util.concurrent.FutureTask.run(FutureTask.java:266)
	at java.util.concurrent.ThreadPoolExecutor.runWorker(ThreadPoolExecutor.java:1149)
	at java.util.concurrent.ThreadPoolExecutor$Worker.run(ThreadPoolExecutor.java:624)
	at java.lang.Thread.run(Thread.java:748)

Task2(com.iexceed.ModernTestsV2.TestSuiteV2)  Time elapsed: 54.958 sec  <<< ERROR!
java.lang.Error: com.applitools.eyes.exceptions.DiffsFoundException: Test 'Task 2' of 'Hackathon Application' detected differences! See details at: https://eyes.applitools.com/app/batches/00000251808798555445/00000251808798552345?accountId=GAbcV77hvkmxJ5HytTJaag~~
	at com.applitools.eyes.visualgrid.services.VisualGridRunner.getAllTestResultsImpl(VisualGridRunner.java:462)
	at com.applitools.eyes.EyesRunner.getAllTestResults(EyesRunner.java:24)
	at com.applitools.eyes.EyesRunner.getAllTestResults(EyesRunner.java:18)
	at com.iexceed.ModernTestsV2.TestSuiteV2.tearDown(TestSuiteV2.java:60)
	at sun.reflect.NativeMethodAccessorImpl.invoke0(Native Method)
	at sun.reflect.NativeMethodAccessorImpl.invoke(NativeMethodAccessorImpl.java:62)
	at sun.reflect.DelegatingMethodAccessorImpl.invoke(DelegatingMethodAccessorImpl.java:43)
	at java.lang.reflect.Method.invoke(Method.java:498)
	at org.junit.runners.model.FrameworkMethod$1.runReflectiveCall(FrameworkMethod.java:50)
	at org.junit.internal.runners.model.ReflectiveCallable.run(ReflectiveCallable.java:12)
	at org.junit.runners.model.FrameworkMethod.invokeExplosively(FrameworkMethod.java:47)
	at org.junit.internal.runners.statements.RunAfters.evaluate(RunAfters.java:33)
	at org.junit.runners.ParentRunner.runLeaf(ParentRunner.java:325)
	at org.junit.runners.BlockJUnit4ClassRunner.runChild(BlockJUnit4ClassRunner.java:78)
	at org.junit.runners.BlockJUnit4ClassRunner.runChild(BlockJUnit4ClassRunner.java:57)
	at org.junit.runners.ParentRunner$3.run(ParentRunner.java:290)
	at org.junit.runners.ParentRunner$1.schedule(ParentRunner.java:71)
	at org.junit.runners.ParentRunner.runChildren(ParentRunner.java:288)
	at org.junit.runners.ParentRunner.access$000(ParentRunner.java:58)
	at org.junit.runners.ParentRunner$2.evaluate(ParentRunner.java:268)
	at org.junit.internal.runners.statements.RunBefores.evaluate(RunBefores.java:26)
	at org.junit.runners.ParentRunner.run(ParentRunner.java:363)
	at org.apache.maven.surefire.junit4.JUnit4Provider.execute(JUnit4Provider.java:252)
	at org.apache.maven.surefire.junit4.JUnit4Provider.executeTestSet(JUnit4Provider.java:141)
	at org.apache.maven.surefire.junit4.JUnit4Provider.invoke(JUnit4Provider.java:112)
	at sun.reflect.NativeMethodAccessorImpl.invoke0(Native Method)
	at sun.reflect.NativeMethodAccessorImpl.invoke(NativeMethodAccessorImpl.java:62)
	at sun.reflect.DelegatingMethodAccessorImpl.invoke(DelegatingMethodAccessorImpl.java:43)
	at java.lang.reflect.Method.invoke(Method.java:498)
	at org.apache.maven.surefire.util.ReflectionUtils.invokeMethodWithArray(ReflectionUtils.java:189)
	at org.apache.maven.surefire.booter.ProviderFactory$ProviderProxy.invoke(ProviderFactory.java:165)
	at org.apache.maven.surefire.booter.ProviderFactory.invokeProvider(ProviderFactory.java:85)
	at org.apache.maven.surefire.booter.ForkedBooter.runSuitesInProcess(ForkedBooter.java:115)
	at org.apache.maven.surefire.booter.ForkedBooter.main(ForkedBooter.java:75)
Caused by: com.applitools.eyes.exceptions.DiffsFoundException: Test 'Task 2' of 'Hackathon Application' detected differences! See details at: https://eyes.applitools.com/app/batches/00000251808798555445/00000251808798552345?accountId=GAbcV77hvkmxJ5HytTJaag~~
	at com.applitools.eyes.EyesBase.logSessionResultsAndThrowException(EyesBase.java:528)
	at com.applitools.eyes.EyesBase.close(EyesBase.java:501)
	at com.applitools.eyes.visualgrid.services.VisualGridTask.call(VisualGridTask.java:161)
	at com.applitools.eyes.visualgrid.services.VisualGridTask.call(VisualGridTask.java:18)
	at java.util.concurrent.FutureTask.run(FutureTask.java:266)
	at java.util.concurrent.Executors$RunnableAdapter.call(Executors.java:511)
	at java.util.concurrent.FutureTask.run(FutureTask.java:266)
	at java.util.concurrent.ThreadPoolExecutor.runWorker(ThreadPoolExecutor.java:1149)
	at java.util.concurrent.ThreadPoolExecutor$Worker.run(ThreadPoolExecutor.java:624)
	at java.lang.Thread.run(Thread.java:748)

Task3(com.iexceed.ModernTestsV2.TestSuiteV2)  Time elapsed: 34.628 sec  <<< ERROR!
java.lang.Error: com.applitools.eyes.exceptions.DiffsFoundException: Test 'Task 3' of 'Hackathon Application' detected differences! See details at: https://eyes.applitools.com/app/batches/00000251808798501011/00000251808798500560?accountId=GAbcV77hvkmxJ5HytTJaag~~
	at com.applitools.eyes.visualgrid.services.VisualGridRunner.getAllTestResultsImpl(VisualGridRunner.java:462)
	at com.applitools.eyes.EyesRunner.getAllTestResults(EyesRunner.java:24)
	at com.applitools.eyes.EyesRunner.getAllTestResults(EyesRunner.java:18)
	at com.iexceed.ModernTestsV2.TestSuiteV2.tearDown(TestSuiteV2.java:60)
	at sun.reflect.NativeMethodAccessorImpl.invoke0(Native Method)
	at sun.reflect.NativeMethodAccessorImpl.invoke(NativeMethodAccessorImpl.java:62)
	at sun.reflect.DelegatingMethodAccessorImpl.invoke(DelegatingMethodAccessorImpl.java:43)
	at java.lang.reflect.Method.invoke(Method.java:498)
	at org.junit.runners.model.FrameworkMethod$1.runReflectiveCall(FrameworkMethod.java:50)
	at org.junit.internal.runners.model.ReflectiveCallable.run(ReflectiveCallable.java:12)
	at org.junit.runners.model.FrameworkMethod.invokeExplosively(FrameworkMethod.java:47)
	at org.junit.internal.runners.statements.RunAfters.evaluate(RunAfters.java:33)
	at org.junit.runners.ParentRunner.runLeaf(ParentRunner.java:325)
	at org.junit.runners.BlockJUnit4ClassRunner.runChild(BlockJUnit4ClassRunner.java:78)
	at org.junit.runners.BlockJUnit4ClassRunner.runChild(BlockJUnit4ClassRunner.java:57)
	at org.junit.runners.ParentRunner$3.run(ParentRunner.java:290)
	at org.junit.runners.ParentRunner$1.schedule(ParentRunner.java:71)
	at org.junit.runners.ParentRunner.runChildren(ParentRunner.java:288)
	at org.junit.runners.ParentRunner.access$000(ParentRunner.java:58)
	at org.junit.runners.ParentRunner$2.evaluate(ParentRunner.java:268)
	at org.junit.internal.runners.statements.RunBefores.evaluate(RunBefores.java:26)
	at org.junit.runners.ParentRunner.run(ParentRunner.java:363)
	at org.apache.maven.surefire.junit4.JUnit4Provider.execute(JUnit4Provider.java:252)
	at org.apache.maven.surefire.junit4.JUnit4Provider.executeTestSet(JUnit4Provider.java:141)
	at org.apache.maven.surefire.junit4.JUnit4Provider.invoke(JUnit4Provider.java:112)
	at sun.reflect.NativeMethodAccessorImpl.invoke0(Native Method)
	at sun.reflect.NativeMethodAccessorImpl.invoke(NativeMethodAccessorImpl.java:62)
	at sun.reflect.DelegatingMethodAccessorImpl.invoke(DelegatingMethodAccessorImpl.java:43)
	at java.lang.reflect.Method.invoke(Method.java:498)
	at org.apache.maven.surefire.util.ReflectionUtils.invokeMethodWithArray(ReflectionUtils.java:189)
	at org.apache.maven.surefire.booter.ProviderFactory$ProviderProxy.invoke(ProviderFactory.java:165)
	at org.apache.maven.surefire.booter.ProviderFactory.invokeProvider(ProviderFactory.java:85)
	at org.apache.maven.surefire.booter.ForkedBooter.runSuitesInProcess(ForkedBooter.java:115)
	at org.apache.maven.surefire.booter.ForkedBooter.main(ForkedBooter.java:75)
Caused by: com.applitools.eyes.exceptions.DiffsFoundException: Test 'Task 3' of 'Hackathon Application' detected differences! See details at: https://eyes.applitools.com/app/batches/00000251808798501011/00000251808798500560?accountId=GAbcV77hvkmxJ5HytTJaag~~
	at com.applitools.eyes.EyesBase.logSessionResultsAndThrowException(EyesBase.java:528)
	at com.applitools.eyes.EyesBase.close(EyesBase.java:501)
	at com.applitools.eyes.visualgrid.services.VisualGridTask.call(VisualGridTask.java:161)
	at com.applitools.eyes.visualgrid.services.VisualGridTask.call(VisualGridTask.java:18)
	at java.util.concurrent.FutureTask.run(FutureTask.java:266)
	at java.util.concurrent.Executors$RunnableAdapter.call(Executors.java:511)
	at java.util.concurrent.FutureTask.run(FutureTask.java:266)
	at java.util.concurrent.ThreadPoolExecutor.runWorker(ThreadPoolExecutor.java:1149)
	at java.util.concurrent.ThreadPoolExecutor$Worker.run(ThreadPoolExecutor.java:624)
	at java.lang.Thread.run(Thread.java:748)

