<?xml version="1.0" encoding="UTF-8" ?>
<testsuite tests="3" failures="0" name="com.iexceed.ModernTestsV2.TestSuiteV2" time="125.765" errors="3" skipped="0">
  <properties>
[...]
</properties>
  <testcase classname="com.iexceed.ModernTestsV2.TestSuiteV2" name="Task1" time="36.179">
    <error message="com.applitools.eyes.exceptions.DiffsFoundException: Test &apos;Task 1&apos; of &apos;Hackathon Application&apos; detected differences! See details at: https://eyes.applitools.com/app/batches/00000251808798591228/00000251808798588504?accountId=GAbcV77hvkmxJ5HytTJaag~~" type="java.lang.Error">java.lang.Error: com.applitools.eyes.exceptions.DiffsFoundException: Test &apos;Task 1&apos; of &apos;Hackathon Application&apos; detected differences! See details at: https://eyes.applitools.com/app/batches/00000251808798591228/00000251808798588504?accountId=GAbcV77hvkmxJ5HytTJaag~~
	at com.applitools.eyes.visualgrid.services.VisualGridRunner.getAllTestResultsImpl(VisualGridRunner.java:462)
	at com.applitools.eyes.EyesRunner.getAllTestResults(EyesRunner.java:24)
	at com.applitools.eyes.EyesRunner.getAllTestResults(EyesRunner.java:18)
	at com.iexceed.ModernTestsV2.TestSuiteV2.tearDown(TestSuiteV2.java:60)
	at sun.reflect.NativeMethodAccessorImpl.invoke0(Native Method)
	at sun.reflect.NativeMethodAccessorImpl.invoke(NativeMethodAccessorImpl.java:62)
	at sun.reflect.DelegatingMethodAccessorImpl.invoke(DelegatingMethodAccessorImpl.java:43)
	at java.lang.reflect.Method.invoke(Method.java:498)
	at org.junit.runners.model.FrameworkMethod$1.runReflectiveCall(FrameworkMethod.java:50)
	at org.junit.internal.runners.model.ReflectiveCallable.run(ReflectiveCallable.java:12)
	at org.junit.runners.model.FrameworkMethod.invokeExplosively(FrameworkMethod.java:47)
	at org.junit.internal.runners.statements.RunAfters.evaluate(RunAfters.java:33)
	at org.junit.runners.ParentRunner.runLeaf(ParentRunner.java:325)
	at org.junit.runners.BlockJUnit4ClassRunner.runChild(BlockJUnit4ClassRunner.java:78)
	at org.junit.runners.BlockJUnit4ClassRunner.runChild(BlockJUnit4ClassRunner.java:57)
	at org.junit.runners.ParentRunner$3.run(ParentRunner.java:290)
	at org.junit.runners.ParentRunner$1.schedule(ParentRunner.java:71)
	at org.junit.runners.ParentRunner.runChildren(ParentRunner.java:288)
	at org.junit.runners.ParentRunner.access$000(ParentRunner.java:58)
	at org.junit.runners.ParentRunner$2.evaluate(ParentRunner.java:268)
	at org.junit.internal.runners.statements.RunBefores.evaluate(RunBefores.java:26)
	at org.junit.runners.ParentRunner.run(ParentRunner.java:363)
	at org.apache.maven.surefire.junit4.JUnit4Provider.execute(JUnit4Provider.java:252)
	at org.apache.maven.surefire.junit4.JUnit4Provider.executeTestSet(JUnit4Provider.java:141)
	at org.apache.maven.surefire.junit4.JUnit4Provider.invoke(JUnit4Provider.java:112)
	at sun.reflect.NativeMethodAccessorImpl.invoke0(Native Method)
	at sun.reflect.NativeMethodAccessorImpl.invoke(NativeMethodAccessorImpl.java:62)
	at sun.reflect.DelegatingMethodAccessorImpl.invoke(DelegatingMethodAccessorImpl.java:43)
	at java.lang.reflect.Method.invoke(Method.java:498)
	at org.apache.maven.surefire.util.ReflectionUtils.invokeMethodWithArray(ReflectionUtils.java:189)
	at org.apache.maven.surefire.booter.ProviderFactory$ProviderProxy.invoke(ProviderFactory.java:165)
	at org.apache.maven.surefire.booter.ProviderFactory.invokeProvider(ProviderFactory.java:85)
	at org.apache.maven.surefire.booter.ForkedBooter.runSuitesInProcess(ForkedBooter.java:115)
	at org.apache.maven.surefire.booter.ForkedBooter.main(ForkedBooter.java:75)
Caused by: com.applitools.eyes.exceptions.DiffsFoundException: Test &apos;Task 1&apos; of &apos;Hackathon Application&apos; detected differences! See details at: https://eyes.applitools.com/app/batches/00000251808798591228/00000251808798588504?accountId=GAbcV77hvkmxJ5HytTJaag~~
	at com.applitools.eyes.EyesBase.logSessionResultsAndThrowException(EyesBase.java:528)
	at com.applitools.eyes.EyesBase.close(EyesBase.java:501)
	at com.applitools.eyes.visualgrid.services.VisualGridTask.call(VisualGridTask.java:161)
	at com.applitools.eyes.visualgrid.services.VisualGridTask.call(VisualGridTask.java:18)
	at java.util.concurrent.FutureTask.run(FutureTask.java:266)
	at java.util.concurrent.Executors$RunnableAdapter.call(Executors.java:511)
	at java.util.concurrent.FutureTask.run(FutureTask.java:266)
	at java.util.concurrent.ThreadPoolExecutor.runWorker(ThreadPoolExecutor.java:1149)
	at java.util.concurrent.ThreadPoolExecutor$Worker.run(ThreadPoolExecutor.java:624)
	at java.lang.Thread.run(Thread.java:748)
</error>
    <system-err>Starting ChromeDriver 83.0.4103.39 (ccbf011cb2d2b19b506d844400483861342c20cd-refs/branch-heads/4103@{#416}) on port 14385
Only local connections are allowed.
Please see https://chromedriver.chromium.org/security-considerations for suggestions on keeping ChromeDriver safe.
ChromeDriver was started successfully.
Jun 30, 2020 12:59:43 PM org.openqa.selenium.remote.ProtocolHandshake createSession
INFO: Detected dialect: W3C
SLF4J: Failed to load class &quot;org.slf4j.impl.StaticLoggerBinder&quot;.
SLF4J: Defaulting to no-operation (NOP) logger implementation
SLF4J: See http://www.slf4j.org/codes.html#StaticLoggerBinder for further details.
</system-err>
  </testcase>
  <testcase classname="com.iexceed.ModernTestsV2.TestSuiteV2" name="Task2" time="54.958">
    <error message="com.applitools.eyes.exceptions.DiffsFoundException: Test &apos;Task 2&apos; of &apos;Hackathon Application&apos; detected differences! See details at: https://eyes.applitools.com/app/batches/00000251808798555445/00000251808798552345?accountId=GAbcV77hvkmxJ5HytTJaag~~" type="java.lang.Error">java.lang.Error: com.applitools.eyes.exceptions.DiffsFoundException: Test &apos;Task 2&apos; of &apos;Hackathon Application&apos; detected differences! See details at: https://eyes.applitools.com/app/batches/00000251808798555445/00000251808798552345?accountId=GAbcV77hvkmxJ5HytTJaag~~
	at com.applitools.eyes.visualgrid.services.VisualGridRunner.getAllTestResultsImpl(VisualGridRunner.java:462)
	at com.applitools.eyes.EyesRunner.getAllTestResults(EyesRunner.java:24)
	at com.applitools.eyes.EyesRunner.getAllTestResults(EyesRunner.java:18)
	at com.iexceed.ModernTestsV2.TestSuiteV2.tearDown(TestSuiteV2.java:60)
	at sun.reflect.NativeMethodAccessorImpl.invoke0(Native Method)
	at sun.reflect.NativeMethodAccessorImpl.invoke(NativeMethodAccessorImpl.java:62)
	at sun.reflect.DelegatingMethodAccessorImpl.invoke(DelegatingMethodAccessorImpl.java:43)
	at java.lang.reflect.Method.invoke(Method.java:498)
	at org.junit.runners.model.FrameworkMethod$1.runReflectiveCall(FrameworkMethod.java:50)
	at org.junit.internal.runners.model.ReflectiveCallable.run(ReflectiveCallable.java:12)
	at org.junit.runners.model.FrameworkMethod.invokeExplosively(FrameworkMethod.java:47)
	at org.junit.internal.runners.statements.RunAfters.evaluate(RunAfters.java:33)
	at org.junit.runners.ParentRunner.runLeaf(ParentRunner.java:325)
	at org.junit.runners.BlockJUnit4ClassRunner.runChild(BlockJUnit4ClassRunner.java:78)
	at org.junit.runners.BlockJUnit4ClassRunner.runChild(BlockJUnit4ClassRunner.java:57)
	at org.junit.runners.ParentRunner$3.run(ParentRunner.java:290)
	at org.junit.runners.ParentRunner$1.schedule(ParentRunner.java:71)
	at org.junit.runners.ParentRunner.runChildren(ParentRunner.java:288)
	at org.junit.runners.ParentRunner.access$000(ParentRunner.java:58)
	at org.junit.runners.ParentRunner$2.evaluate(ParentRunner.java:268)
	at org.junit.internal.runners.statements.RunBefores.evaluate(RunBefores.java:26)
	at org.junit.runners.ParentRunner.run(ParentRunner.java:363)
	at org.apache.maven.surefire.junit4.JUnit4Provider.execute(JUnit4Provider.java:252)
	at org.apache.maven.surefire.junit4.JUnit4Provider.executeTestSet(JUnit4Provider.java:141)
	at org.apache.maven.surefire.junit4.JUnit4Provider.invoke(JUnit4Provider.java:112)
	at sun.reflect.NativeMethodAccessorImpl.invoke0(Native Method)
	at sun.reflect.NativeMethodAccessorImpl.invoke(NativeMethodAccessorImpl.java:62)
	at sun.reflect.DelegatingMethodAccessorImpl.invoke(DelegatingMethodAccessorImpl.java:43)
	at java.lang.reflect.Method.invoke(Method.java:498)
	at org.apache.maven.surefire.util.ReflectionUtils.invokeMethodWithArray(ReflectionUtils.java:189)
	at org.apache.maven.surefire.booter.ProviderFactory$ProviderProxy.invoke(ProviderFactory.java:165)
	at org.apache.maven.surefire.booter.ProviderFactory.invokeProvider(ProviderFactory.java:85)
	at org.apache.maven.surefire.booter.ForkedBooter.runSuitesInProcess(ForkedBooter.java:115)
	at org.apache.maven.surefire.booter.ForkedBooter.main(ForkedBooter.java:75)
Caused by: com.applitools.eyes.exceptions.DiffsFoundException: Test &apos;Task 2&apos; of &apos;Hackathon Application&apos; detected differences! See details at: https://eyes.applitools.com/app/batches/00000251808798555445/00000251808798552345?accountId=GAbcV77hvkmxJ5HytTJaag~~
	at com.applitools.eyes.EyesBase.logSessionResultsAndThrowException(EyesBase.java:528)
	at com.applitools.eyes.EyesBase.close(EyesBase.java:501)
	at com.applitools.eyes.visualgrid.services.VisualGridTask.call(VisualGridTask.java:161)
	at com.applitools.eyes.visualgrid.services.VisualGridTask.call(VisualGridTask.java:18)
	at java.util.concurrent.FutureTask.run(FutureTask.java:266)
	at java.util.concurrent.Executors$RunnableAdapter.call(Executors.java:511)
	at java.util.concurrent.FutureTask.run(FutureTask.java:266)
	at java.util.concurrent.ThreadPoolExecutor.runWorker(ThreadPoolExecutor.java:1149)
	at java.util.concurrent.ThreadPoolExecutor$Worker.run(ThreadPoolExecutor.java:624)
	at java.lang.Thread.run(Thread.java:748)
</error>
    <system-err>Starting ChromeDriver 83.0.4103.39 (ccbf011cb2d2b19b506d844400483861342c20cd-refs/branch-heads/4103@{#416}) on port 25422
Only local connections are allowed.
Please see https://chromedriver.chromium.org/security-considerations for suggestions on keeping ChromeDriver safe.
ChromeDriver was started successfully.
Jun 30, 2020 1:00:18 PM org.openqa.selenium.remote.ProtocolHandshake createSession
INFO: Detected dialect: W3C
</system-err>
  </testcase>
  <testcase classname="com.iexceed.ModernTestsV2.TestSuiteV2" name="Task3" time="34.628">
    <error message="com.applitools.eyes.exceptions.DiffsFoundException: Test &apos;Task 3&apos; of &apos;Hackathon Application&apos; detected differences! See details at: https://eyes.applitools.com/app/batches/00000251808798501011/00000251808798500560?accountId=GAbcV77hvkmxJ5HytTJaag~~" type="java.lang.Error">java.lang.Error: com.applitools.eyes.exceptions.DiffsFoundException: Test &apos;Task 3&apos; of &apos;Hackathon Application&apos; detected differences! See details at: https://eyes.applitools.com/app/batches/00000251808798501011/00000251808798500560?accountId=GAbcV77hvkmxJ5HytTJaag~~
	at com.applitools.eyes.visualgrid.services.VisualGridRunner.getAllTestResultsImpl(VisualGridRunner.java:462)
	at com.applitools.eyes.EyesRunner.getAllTestResults(EyesRunner.java:24)
	at com.applitools.eyes.EyesRunner.getAllTestResults(EyesRunner.java:18)
	at com.iexceed.ModernTestsV2.TestSuiteV2.tearDown(TestSuiteV2.java:60)
	at sun.reflect.NativeMethodAccessorImpl.invoke0(Native Method)
	at sun.reflect.NativeMethodAccessorImpl.invoke(NativeMethodAccessorImpl.java:62)
	at sun.reflect.DelegatingMethodAccessorImpl.invoke(DelegatingMethodAccessorImpl.java:43)
	at java.lang.reflect.Method.invoke(Method.java:498)
	at org.junit.runners.model.FrameworkMethod$1.runReflectiveCall(FrameworkMethod.java:50)
	at org.junit.internal.runners.model.ReflectiveCallable.run(ReflectiveCallable.java:12)
	at org.junit.runners.model.FrameworkMethod.invokeExplosively(FrameworkMethod.java:47)
	at org.junit.internal.runners.statements.RunAfters.evaluate(RunAfters.java:33)
	at org.junit.runners.ParentRunner.runLeaf(ParentRunner.java:325)
	at org.junit.runners.BlockJUnit4ClassRunner.runChild(BlockJUnit4ClassRunner.java:78)
	at org.junit.runners.BlockJUnit4ClassRunner.runChild(BlockJUnit4ClassRunner.java:57)
	at org.junit.runners.ParentRunner$3.run(ParentRunner.java:290)
	at org.junit.runners.ParentRunner$1.schedule(ParentRunner.java:71)
	at org.junit.runners.ParentRunner.runChildren(ParentRunner.java:288)
	at org.junit.runners.ParentRunner.access$000(ParentRunner.java:58)
	at org.junit.runners.ParentRunner$2.evaluate(ParentRunner.java:268)
	at org.junit.internal.runners.statements.RunBefores.evaluate(RunBefores.java:26)
	at org.junit.runners.ParentRunner.run(ParentRunner.java:363)
	at org.apache.maven.surefire.junit4.JUnit4Provider.execute(JUnit4Provider.java:252)
	at org.apache.maven.surefire.junit4.JUnit4Provider.executeTestSet(JUnit4Provider.java:141)
	at org.apache.maven.surefire.junit4.JUnit4Provider.invoke(JUnit4Provider.java:112)
	at sun.reflect.NativeMethodAccessorImpl.invoke0(Native Method)
	at sun.reflect.NativeMethodAccessorImpl.invoke(NativeMethodAccessorImpl.java:62)
	at sun.reflect.DelegatingMethodAccessorImpl.invoke(DelegatingMethodAccessorImpl.java:43)
	at java.lang.reflect.Method.invoke(Method.java:498)
	at org.apache.maven.surefire.util.ReflectionUtils.invokeMethodWithArray(ReflectionUtils.java:189)
	at org.apache.maven.surefire.booter.ProviderFactory$ProviderProxy.invoke(ProviderFactory.java:165)
	at org.apache.maven.surefire.booter.ProviderFactory.invokeProvider(ProviderFactory.java:85)
	at org.apache.maven.surefire.booter.ForkedBooter.runSuitesInProcess(ForkedBooter.java:115)
	at org.apache.maven.surefire.booter.ForkedBooter.main(ForkedBooter.java:75)
Caused by: com.applitools.eyes.exceptions.DiffsFoundException: Test &apos;Task 3&apos; of &apos;Hackathon Application&apos; detected differences! See details at: https://eyes.applitools.com/app/batches/00000251808798501011/00000251808798500560?accountId=GAbcV77hvkmxJ5HytTJaag~~
	at com.applitools.eyes.EyesBase.logSessionResultsAndThrowException(EyesBase.java:528)
	at com.applitools.eyes.EyesBase.close(EyesBase.java:501)
	at com.applitools.eyes.visualgrid.services.VisualGridTask.call(VisualGridTask.java:161)
	at com.applitools.eyes.visualgrid.services.VisualGridTask.call(VisualGridTask.java:18)
	at java.util.concurrent.FutureTask.run(FutureTask.java:266)
	at java.util.concurrent.Executors$RunnableAdapter.call(Executors.java:511)
	at java.util.concurrent.FutureTask.run(FutureTask.java:266)
	at java.util.concurrent.ThreadPoolExecutor.runWorker(ThreadPoolExecutor.java:1149)
	at java.util.concurrent.ThreadPoolExecutor$Worker.run(ThreadPoolExecutor.java:624)
	at java.lang.Thread.run(Thread.java:748)
</error>
    <system-err>Starting ChromeDriver 83.0.4103.39 (ccbf011cb2d2b19b506d844400483861342c20cd-refs/branch-heads/4103@{#416}) on port 2762
Only local connections are allowed.
Please see https://chromedriver.chromium.org/security-considerations for suggestions on keeping ChromeDriver safe.
ChromeDriver was started successfully.
Jun 30, 2020 1:01:13 PM org.openqa.selenium.remote.ProtocolHandshake createSession
INFO: Detected dialect: W3C
</system-err>
  </testcase>
</testsuite>