<?xml version="1.0" encoding="UTF-8"?>
<!-- Generated by org.testng.reporters.JUnitXMLReporter -->
<testsuite hostname="IXED-DESKSLM015" ignored="0" name="Command line test" tests="5" failures="0" timestamp="29 Jun 2020 07:41:56 GMT" time="100.195" errors="0">
  <testcase name="Laptop_Desktop" time="16.998" classname="com.iexceed.TraditionalTestsV1.CrossBrowserElementsTest"/>
  <testcase name="Laptop_Desktop" time="21.902" classname="com.iexceed.TraditionalTestsV1.CrossBrowserElementsTest"/>
  <testcase name="Mobile" time="11.967" classname="com.iexceed.TraditionalTestsV1.CrossBrowserElementsTest"/>
  <testcase name="Tab" time="14.871" classname="com.iexceed.TraditionalTestsV1.CrossBrowserElementsTest"/>
  <testcase name="Tab" time="23.302" classname="com.iexceed.TraditionalTestsV1.CrossBrowserElementsTest"/>
</testsuite> <!-- Command line test -->
