<?xml version="1.0" encoding="UTF-8"?>
<!-- Generated by org.testng.reporters.JUnitXMLReporter -->
<testsuite hostname="IXED-DESKSLM015" ignored="0" name="Command line test" tests="5" failures="1" timestamp="29 Jun 2020 11:31:13 GMT" time="148.92" errors="0">
  <testcase name="Laptop_Desktop" time="16.048" classname="com.iexceed.TraditionalTestsV1.Task1"/>
  <testcase name="Laptop_Desktop" time="22.125" classname="com.iexceed.TraditionalTestsV1.Task1"/>
  <testcase name="Mobile" time="11.188" classname="com.iexceed.TraditionalTestsV1.Task1"/>
  <testcase name="Tab" time="15.582" classname="com.iexceed.TraditionalTestsV1.Task1"/>
  <testcase name="Tab" time="76.85" classname="com.iexceed.TraditionalTestsV1.Task1">
    <failure type="java.lang.AssertionError" message="The following asserts failed:
	expected [true] but found [false],
	expected [true] but found [false],
	expected [true] but found [false],
	expected [true] but found [false],
	expected [true] but found [false],
	expected [true] but found [false],
	expected [true] but found [false],
	expected [true] but found [false],
	expected [true] but found [false],
	expected [true] but found [false],
	expected [true] but found [false],
	expected [true] but found [false],
	expected [true] but found [false],
	expected [true] but found [false],
	expected [true] but found [false],
	expected [true] but found [false],
	expected [true] but found [false],
	expected [true] but found [false],
	expected [true] but found [false],
	expected [true] but found [false],
	expected [true] but found [false],
	expected [true] but found [false],
	expected [true] but found [false],
	expected [true] but found [false],
	expected [true] but found [false],
	expected [true] but found [false],
	expected [true] but found [false],
	expected [true] but found [false],
	expected [true] but found [false],
	expected [true] but found [false]">
      <![CDATA[java.lang.AssertionError: The following asserts failed:
expected [true] but found [false],
expected [true] but found [false],
expected [true] but found [false],
expected [true] but found [false],
expected [true] but found [false],
expected [true] but found [false],
expected [true] but found [false],
expected [true] but found [false],
expected [true] but found [false],
expected [true] but found [false],
expected [true] but found [false],
expected [true] but found [false],
expected [true] but found [false],
expected [true] but found [false],
expected [true] but found [false],
expected [true] but found [false],
expected [true] but found [false],
expected [true] but found [false],
expected [true] but found [false],
expected [true] but found [false],
expected [true] but found [false],
expected [true] but found [false],
expected [true] but found [false],
expected [true] but found [false],
expected [true] but found [false],
expected [true] but found [false],
expected [true] but found [false],
expected [true] but found [false],
expected [true] but found [false],
expected [true] but found [false]
at com.iexceed.TraditionalTestsV1.Task1.Tab(Task1.java:118)
... Removed 35 stack frames]]>
    </failure>
  </testcase> <!-- Tab -->
</testsuite> <!-- Command line test -->
