<?xml version="1.0" encoding="UTF-8"?>
<testsuite xmlns:xsi="http://www.w3.org/2001/XMLSchema-instance" xsi:noNamespaceSchemaLocation="https://maven.apache.org/surefire/maven-surefire-plugin/xsd/surefire-test-report-3.0.xsd" version="3.0" name="TestSuite" time="351.274" tests="15" errors="0" skipped="0" failures="0">
  <properties>
[...]
</properties>
  <testcase name="Laptop_Desktop" classname="com.iexceed.TraditionalTestsV1.Task1" time="20.931"/>
  <testcase name="Laptop_Desktop" classname="com.iexceed.TraditionalTestsV1.Task1" time="24.292"/>
  <testcase name="Mobile" classname="com.iexceed.TraditionalTestsV1.Task1" time="15.493"/>
  <testcase name="Tab" classname="com.iexceed.TraditionalTestsV1.Task1" time="19.19"/>
  <testcase name="Tab" classname="com.iexceed.TraditionalTestsV1.Task1" time="31.918"/>
  <testcase name="Laptop_Desktop" classname="com.iexceed.TraditionalTestsV1.Task2" time="7.471"/>
  <testcase name="Laptop_Desktop" classname="com.iexceed.TraditionalTestsV1.Task2" time="12.467"/>
  <testcase name="Mobile" classname="com.iexceed.TraditionalTestsV1.Task2" time="13.803"/>
  <testcase name="Tab" classname="com.iexceed.TraditionalTestsV1.Task2" time="18.051"/>
  <testcase name="Tab" classname="com.iexceed.TraditionalTestsV1.Task2" time="22.915"/>
  <testcase name="Laptop_Desktop" classname="com.iexceed.TraditionalTestsV1.Task3" time="10.652"/>
  <testcase name="Laptop_Desktop" classname="com.iexceed.TraditionalTestsV1.Task3" time="16.224"/>
  <testcase name="Mobile" classname="com.iexceed.TraditionalTestsV1.Task3" time="19.064"/>
  <testcase name="Tab" classname="com.iexceed.TraditionalTestsV1.Task3" time="30.344"/>
  <testcase name="Tab" classname="com.iexceed.TraditionalTestsV1.Task3" time="38.208"/>
</testsuite>