<?xml version="1.0" encoding="UTF-8"?>
<testsuite xmlns:xsi="http://www.w3.org/2001/XMLSchema-instance" xsi:noNamespaceSchemaLocation="https://maven.apache.org/surefire/maven-surefire-plugin/xsd/surefire-test-report-3.0.xsd" version="3.0" name="TestSuite" time="512.291" tests="15" errors="0" skipped="0" failures="15">
  <properties>
[...]
</properties>
  <testcase name="Laptop_Desktop" classname="com.iexceed.TraditionalTestsV2.Task1" time="20.575">
    <failure message="The following asserts failed:&#10;	expected [true] but found [false],&#10;	expected [true] but found [false],&#10;	expected [true] but found [false],&#10;	expected [true] but found [false],&#10;	expected [true] but found [false],&#10;	expected [true] but found [false],&#10;	expected [true] but found [false],&#10;	expected [true] but found [false],&#10;	expected [true] but found [false],&#10;	expected [true] but found [false],&#10;	expected [true] but found [false],&#10;	expected [true] but found [false],&#10;	expected [true] but found [false],&#10;	expected [true] but found [false],&#10;	expected [true] but found [false],&#10;	expected [true] but found [false],&#10;	expected [true] but found [false],&#10;	expected [true] but found [false],&#10;	expected [true] but found [false],&#10;	expected [true] but found [false],&#10;	expected [true] but found [false],&#10;	expected [true] but found [false],&#10;	expected [true] but found [false],&#10;	expected [true] but found [false],&#10;	expected [true] but found [false],&#10;	expected [true] but found [false],&#10;	expected [true] but found [false],&#10;	expected [true] but found [false]" type="java.lang.AssertionError">java.lang.AssertionError: 
The following asserts failed:
	expected [true] but found [false],
	expected [true] but found [false],
	expected [true] but found [false],
	expected [true] but found [false],
	expected [true] but found [false],
	expected [true] but found [false],
	expected [true] but found [false],
	expected [true] but found [false],
	expected [true] but found [false],
	expected [true] but found [false],
	expected [true] but found [false],
	expected [true] but found [false],
	expected [true] but found [false],
	expected [true] but found [false],
	expected [true] but found [false],
	expected [true] but found [false],
	expected [true] but found [false],
	expected [true] but found [false],
	expected [true] but found [false],
	expected [true] but found [false],
	expected [true] but found [false],
	expected [true] but found [false],
	expected [true] but found [false],
	expected [true] but found [false],
	expected [true] but found [false],
	expected [true] but found [false],
	expected [true] but found [false],
	expected [true] but found [false]
	at com.iexceed.TraditionalTestsV2.Task1.Laptop_Desktop(Task1.java:67)
</failure>
    <system-err><![CDATA[Starting ChromeDriver 83.0.4103.39 (ccbf011cb2d2b19b506d844400483861342c20cd-refs/branch-heads/4103@{#416}) on port 22603
Only local connections are allowed.
Please see https://chromedriver.chromium.org/security-considerations for suggestions on keeping ChromeDriver safe.
ChromeDriver was started successfully.
Jun 30, 2020 1:19:15 PM org.openqa.selenium.remote.ProtocolHandshake createSession
INFO: Detected dialect: W3C
]]></system-err>
  </testcase>
  <testcase name="Laptop_Desktop" classname="com.iexceed.TraditionalTestsV2.Task1" time="24.704">
    <failure message="The following asserts failed:&#10;	expected [true] but found [false],&#10;	expected [true] but found [false],&#10;	expected [true] but found [false],&#10;	expected [true] but found [false],&#10;	expected [true] but found [false],&#10;	expected [true] but found [false],&#10;	expected [true] but found [false],&#10;	expected [true] but found [false],&#10;	expected [true] but found [false],&#10;	expected [true] but found [false],&#10;	expected [true] but found [false],&#10;	expected [true] but found [false],&#10;	expected [true] but found [false],&#10;	expected [true] but found [false],&#10;	expected [true] but found [false],&#10;	expected [true] but found [false],&#10;	expected [true] but found [false],&#10;	expected [true] but found [false],&#10;	expected [true] but found [false],&#10;	expected [true] but found [false],&#10;	expected [true] but found [false],&#10;	expected [true] but found [false],&#10;	expected [true] but found [false],&#10;	expected [true] but found [false],&#10;	expected [true] but found [false]" type="java.lang.AssertionError">java.lang.AssertionError: 
The following asserts failed:
	expected [true] but found [false],
	expected [true] but found [false],
	expected [true] but found [false],
	expected [true] but found [false],
	expected [true] but found [false],
	expected [true] but found [false],
	expected [true] but found [false],
	expected [true] but found [false],
	expected [true] but found [false],
	expected [true] but found [false],
	expected [true] but found [false],
	expected [true] but found [false],
	expected [true] but found [false],
	expected [true] but found [false],
	expected [true] but found [false],
	expected [true] but found [false],
	expected [true] but found [false],
	expected [true] but found [false],
	expected [true] but found [false],
	expected [true] but found [false],
	expected [true] but found [false],
	expected [true] but found [false],
	expected [true] but found [false],
	expected [true] but found [false],
	expected [true] but found [false]
	at com.iexceed.TraditionalTestsV2.Task1.Laptop_Desktop(Task1.java:67)
</failure>
    <system-err><![CDATA[1593503374804	mozrunner::runner	INFO	Running command: "/usr/lib/firefox/firefox" "-marionette" "-foreground" "-no-remote" "-profile" "/tmp/rust_mozprofileuHU8UI"
1593503375609	addons.webextension.doh-rollout@mozilla.org	WARN	Loading extension 'doh-rollout@mozilla.org': Reading manifest: Invalid extension permission: networkStatus
1593503377006	addons.webextension.screenshots@mozilla.org	WARN	Loading extension 'screenshots@mozilla.org': Reading manifest: Invalid extension permission: mozillaAddons
1593503377006	addons.webextension.screenshots@mozilla.org	WARN	Loading extension 'screenshots@mozilla.org': Reading manifest: Invalid extension permission: telemetry
1593503377007	addons.webextension.screenshots@mozilla.org	WARN	Loading extension 'screenshots@mozilla.org': Reading manifest: Invalid extension permission: resource://pdf.js/
1593503377007	addons.webextension.screenshots@mozilla.org	WARN	Loading extension 'screenshots@mozilla.org': Reading manifest: Invalid extension permission: about:reader*
1593503379745	Marionette	INFO	Listening on port 42853
1593503379816	Marionette	WARN	TLS certificate errors will be ignored for this session
Jun 30, 2020 1:19:39 PM org.openqa.selenium.remote.ProtocolHandshake createSession
INFO: Detected dialect: W3C
]]></system-err>
  </testcase>
  <testcase name="Mobile" classname="com.iexceed.TraditionalTestsV2.Task1" time="68.437">
    <failure message="The following asserts failed:&#10;	expected [true] but found [false],&#10;	expected [true] but found [false],&#10;	expected [true] but found [false],&#10;	expected [true] but found [false],&#10;	expected [true] but found [false],&#10;	expected [true] but found [false],&#10;	expected [true] but found [false],&#10;	expected [true] but found [false],&#10;	expected [true] but found [false],&#10;	expected [true] but found [false],&#10;	expected [true] but found [false],&#10;	expected [true] but found [false],&#10;	expected [true] but found [false],&#10;	expected [true] but found [false],&#10;	expected [true] but found [false],&#10;	expected [true] but found [false],&#10;	expected [true] but found [false],&#10;	expected [true] but found [false],&#10;	expected [true] but found [false],&#10;	expected [true] but found [false],&#10;	expected [true] but found [false],&#10;	expected [true] but found [false],&#10;	expected [true] but found [false],&#10;	expected [true] but found [false],&#10;	expected [true] but found [false],&#10;	expected [true] but found [false],&#10;	expected [true] but found [false],&#10;	expected [true] but found [false],&#10;	expected [true] but found [false],&#10;	expected [true] but found [false],&#10;	expected [true] but found [false],&#10;	expected [true] but found [false],&#10;	expected [true] but found [false],&#10;	expected [true] but found [false]" type="java.lang.AssertionError">java.lang.AssertionError: 
The following asserts failed:
	expected [true] but found [false],
	expected [true] but found [false],
	expected [true] but found [false],
	expected [true] but found [false],
	expected [true] but found [false],
	expected [true] but found [false],
	expected [true] but found [false],
	expected [true] but found [false],
	expected [true] but found [false],
	expected [true] but found [false],
	expected [true] but found [false],
	expected [true] but found [false],
	expected [true] but found [false],
	expected [true] but found [false],
	expected [true] but found [false],
	expected [true] but found [false],
	expected [true] but found [false],
	expected [true] but found [false],
	expected [true] but found [false],
	expected [true] but found [false],
	expected [true] but found [false],
	expected [true] but found [false],
	expected [true] but found [false],
	expected [true] but found [false],
	expected [true] but found [false],
	expected [true] but found [false],
	expected [true] but found [false],
	expected [true] but found [false],
	expected [true] but found [false],
	expected [true] but found [false],
	expected [true] but found [false],
	expected [true] but found [false],
	expected [true] but found [false],
	expected [true] but found [false]
	at com.iexceed.TraditionalTestsV2.Task1.Mobile(Task1.java:194)
</failure>
    <system-err><![CDATA[1593503399472	Marionette	INFO	Stopped listening on port 42853
Starting ChromeDriver 83.0.4103.39 (ccbf011cb2d2b19b506d844400483861342c20cd-refs/branch-heads/4103@{#416}) on port 32319
Only local connections are allowed.
Please see https://chromedriver.chromium.org/security-considerations for suggestions on keeping ChromeDriver safe.
ChromeDriver was started successfully.
Jun 30, 2020 1:20:07 PM org.openqa.selenium.remote.ProtocolHandshake createSession
INFO: Detected dialect: W3C
]]></system-err>
  </testcase>
  <testcase name="Tab" classname="com.iexceed.TraditionalTestsV2.Task1" time="73.976">
    <failure message="The following asserts failed:&#10;	expected [true] but found [false],&#10;	expected [true] but found [false],&#10;	expected [true] but found [false],&#10;	expected [true] but found [false],&#10;	expected [true] but found [false],&#10;	expected [true] but found [false],&#10;	expected [true] but found [false],&#10;	expected [true] but found [false],&#10;	expected [true] but found [false],&#10;	expected [true] but found [false],&#10;	expected [true] but found [false],&#10;	expected [true] but found [false],&#10;	expected [true] but found [false],&#10;	expected [true] but found [false],&#10;	expected [true] but found [false],&#10;	expected [true] but found [false],&#10;	expected [true] but found [false],&#10;	expected [true] but found [false],&#10;	expected [true] but found [false],&#10;	expected [true] but found [false],&#10;	expected [true] but found [false],&#10;	expected [true] but found [false],&#10;	expected [true] but found [false],&#10;	expected [true] but found [false],&#10;	expected [true] but found [false],&#10;	expected [true] but found [false],&#10;	expected [true] but found [false],&#10;	expected [true] but found [false],&#10;	expected [true] but found [false],&#10;	expected [true] but found [false]" type="java.lang.AssertionError">java.lang.AssertionError: 
The following asserts failed:
	expected [true] but found [false],
	expected [true] but found [false],
	expected [true] but found [false],
	expected [true] but found [false],
	expected [true] but found [false],
	expected [true] but found [false],
	expected [true] but found [false],
	expected [true] but found [false],
	expected [true] but found [false],
	expected [true] but found [false],
	expected [true] but found [false],
	expected [true] but found [false],
	expected [true] but found [false],
	expected [true] but found [false],
	expected [true] but found [false],
	expected [true] but found [false],
	expected [true] but found [false],
	expected [true] but found [false],
	expected [true] but found [false],
	expected [true] but found [false],
	expected [true] but found [false],
	expected [true] but found [false],
	expected [true] but found [false],
	expected [true] but found [false],
	expected [true] but found [false],
	expected [true] but found [false],
	expected [true] but found [false],
	expected [true] but found [false],
	expected [true] but found [false],
	expected [true] but found [false]
	at com.iexceed.TraditionalTestsV2.Task1.Tab(Task1.java:119)
</failure>
    <system-err><![CDATA[Starting ChromeDriver 83.0.4103.39 (ccbf011cb2d2b19b506d844400483861342c20cd-refs/branch-heads/4103@{#416}) on port 22046
Only local connections are allowed.
Please see https://chromedriver.chromium.org/security-considerations for suggestions on keeping ChromeDriver safe.
ChromeDriver was started successfully.
Jun 30, 2020 1:21:16 PM org.openqa.selenium.remote.ProtocolHandshake createSession
INFO: Detected dialect: W3C
]]></system-err>
  </testcase>
  <testcase name="Tab" classname="com.iexceed.TraditionalTestsV2.Task1" time="76.114">
    <failure message="The following asserts failed:&#10;	expected [true] but found [false],&#10;	expected [true] but found [false],&#10;	expected [true] but found [false],&#10;	expected [true] but found [false],&#10;	expected [true] but found [false],&#10;	expected [true] but found [false],&#10;	expected [true] but found [false],&#10;	expected [true] but found [false],&#10;	expected [true] but found [false],&#10;	expected [true] but found [false],&#10;	expected [true] but found [false],&#10;	expected [true] but found [false],&#10;	expected [true] but found [false],&#10;	expected [true] but found [false],&#10;	expected [true] but found [false],&#10;	expected [true] but found [false],&#10;	expected [true] but found [false],&#10;	expected [true] but found [false],&#10;	expected [true] but found [false],&#10;	expected [true] but found [false],&#10;	expected [true] but found [false],&#10;	expected [true] but found [false],&#10;	expected [true] but found [false],&#10;	expected [true] but found [false],&#10;	expected [true] but found [false],&#10;	expected [true] but found [false],&#10;	expected [true] but found [false],&#10;	expected [true] but found [false],&#10;	expected [true] but found [false],&#10;	expected [true] but found [false]" type="java.lang.AssertionError">java.lang.AssertionError: 
The following asserts failed:
	expected [true] but found [false],
	expected [true] but found [false],
	expected [true] but found [false],
	expected [true] but found [false],
	expected [true] but found [false],
	expected [true] but found [false],
	expected [true] but found [false],
	expected [true] but found [false],
	expected [true] but found [false],
	expected [true] but found [false],
	expected [true] but found [false],
	expected [true] but found [false],
	expected [true] but found [false],
	expected [true] but found [false],
	expected [true] but found [false],
	expected [true] but found [false],
	expected [true] but found [false],
	expected [true] but found [false],
	expected [true] but found [false],
	expected [true] but found [false],
	expected [true] but found [false],
	expected [true] but found [false],
	expected [true] but found [false],
	expected [true] but found [false],
	expected [true] but found [false],
	expected [true] but found [false],
	expected [true] but found [false],
	expected [true] but found [false],
	expected [true] but found [false],
	expected [true] but found [false]
	at com.iexceed.TraditionalTestsV2.Task1.Tab(Task1.java:119)
</failure>
    <system-err><![CDATA[1593503549546	mozrunner::runner	INFO	Running command: "/usr/lib/firefox/firefox" "-marionette" "-foreground" "-no-remote" "-profile" "/tmp/rust_mozprofileZtZOdb"
1593503550317	addons.webextension.doh-rollout@mozilla.org	WARN	Loading extension 'doh-rollout@mozilla.org': Reading manifest: Invalid extension permission: networkStatus
1593503551737	addons.webextension.screenshots@mozilla.org	WARN	Loading extension 'screenshots@mozilla.org': Reading manifest: Invalid extension permission: mozillaAddons
1593503551737	addons.webextension.screenshots@mozilla.org	WARN	Loading extension 'screenshots@mozilla.org': Reading manifest: Invalid extension permission: telemetry
1593503551737	addons.webextension.screenshots@mozilla.org	WARN	Loading extension 'screenshots@mozilla.org': Reading manifest: Invalid extension permission: resource://pdf.js/
1593503551738	addons.webextension.screenshots@mozilla.org	WARN	Loading extension 'screenshots@mozilla.org': Reading manifest: Invalid extension permission: about:reader*
1593503554512	Marionette	INFO	Listening on port 36917
1593503554574	Marionette	WARN	TLS certificate errors will be ignored for this session
Jun 30, 2020 1:22:34 PM org.openqa.selenium.remote.ProtocolHandshake createSession
INFO: Detected dialect: W3C
]]></system-err>
  </testcase>
  <testcase name="Laptop_Desktop" classname="com.iexceed.TraditionalTestsV2.Task2" time="9.549">
    <failure message="The following asserts failed:&#10;	expected [true] but found [false],&#10;	expected [true] but found [false],&#10;	expected [true] but found [false],&#10;	expected [true] but found [false],&#10;	expected [true] but found [false],&#10;	expected [true] but found [false],&#10;	expected [true] but found [false],&#10;	expected [true] but found [false]" type="java.lang.AssertionError">java.lang.AssertionError: 
The following asserts failed:
	expected [true] but found [false],
	expected [true] but found [false],
	expected [true] but found [false],
	expected [true] but found [false],
	expected [true] but found [false],
	expected [true] but found [false],
	expected [true] but found [false],
	expected [true] but found [false]
	at com.iexceed.TraditionalTestsV2.Task2.Laptop_Desktop(Task2.java:71)
</failure>
    <system-err><![CDATA[1593503625640	Marionette	INFO	Stopped listening on port 36917
Starting ChromeDriver 83.0.4103.39 (ccbf011cb2d2b19b506d844400483861342c20cd-refs/branch-heads/4103@{#416}) on port 5875
Only local connections are allowed.
Please see https://chromedriver.chromium.org/security-considerations for suggestions on keeping ChromeDriver safe.
ChromeDriver was started successfully.
Jun 30, 2020 1:23:47 PM org.openqa.selenium.remote.ProtocolHandshake createSession
INFO: Detected dialect: W3C
]]></system-err>
  </testcase>
  <testcase name="Laptop_Desktop" classname="com.iexceed.TraditionalTestsV2.Task2" time="16.86">
    <failure message="The following asserts failed:&#10;	expected [true] but found [false],&#10;	expected [true] but found [false],&#10;	expected [true] but found [false],&#10;	expected [true] but found [false],&#10;	expected [true] but found [false],&#10;	expected [true] but found [false],&#10;	expected [true] but found [false],&#10;	expected [true] but found [false]" type="java.lang.AssertionError">java.lang.AssertionError: 
The following asserts failed:
	expected [true] but found [false],
	expected [true] but found [false],
	expected [true] but found [false],
	expected [true] but found [false],
	expected [true] but found [false],
	expected [true] but found [false],
	expected [true] but found [false],
	expected [true] but found [false]
	at com.iexceed.TraditionalTestsV2.Task2.Laptop_Desktop(Task2.java:71)
</failure>
    <system-err><![CDATA[1593503636866	mozrunner::runner	INFO	Running command: "/usr/lib/firefox/firefox" "-marionette" "-foreground" "-no-remote" "-profile" "/tmp/rust_mozprofile4PxX5a"
1593503637798	addons.webextension.doh-rollout@mozilla.org	WARN	Loading extension 'doh-rollout@mozilla.org': Reading manifest: Invalid extension permission: networkStatus
1593503639323	addons.webextension.screenshots@mozilla.org	WARN	Loading extension 'screenshots@mozilla.org': Reading manifest: Invalid extension permission: mozillaAddons
1593503639323	addons.webextension.screenshots@mozilla.org	WARN	Loading extension 'screenshots@mozilla.org': Reading manifest: Invalid extension permission: telemetry
1593503639324	addons.webextension.screenshots@mozilla.org	WARN	Loading extension 'screenshots@mozilla.org': Reading manifest: Invalid extension permission: resource://pdf.js/
1593503639324	addons.webextension.screenshots@mozilla.org	WARN	Loading extension 'screenshots@mozilla.org': Reading manifest: Invalid extension permission: about:reader*
1593503642374	Marionette	INFO	Listening on port 38017
1593503642406	Marionette	WARN	TLS certificate errors will be ignored for this session
Jun 30, 2020 1:24:02 PM org.openqa.selenium.remote.ProtocolHandshake createSession
INFO: Detected dialect: W3C
]]></system-err>
  </testcase>
  <testcase name="Mobile" classname="com.iexceed.TraditionalTestsV2.Task2" time="19.431">
    <failure message="The following asserts failed:&#10;	expected [true] but found [false],&#10;	expected [true] but found [false],&#10;	expected [true] but found [false],&#10;	expected [true] but found [false],&#10;	expected [true] but found [false],&#10;	expected [true] but found [false],&#10;	expected [true] but found [false],&#10;	expected [true] but found [false],&#10;	expected [true] but found [false],&#10;	expected [true] but found [false],&#10;	expected [true] but found [false],&#10;	expected [true] but found [false],&#10;	expected [true] but found [false],&#10;	expected [true] but found [false]" type="java.lang.AssertionError">java.lang.AssertionError: 
The following asserts failed:
	expected [true] but found [false],
	expected [true] but found [false],
	expected [true] but found [false],
	expected [true] but found [false],
	expected [true] but found [false],
	expected [true] but found [false],
	expected [true] but found [false],
	expected [true] but found [false],
	expected [true] but found [false],
	expected [true] but found [false],
	expected [true] but found [false],
	expected [true] but found [false],
	expected [true] but found [false],
	expected [true] but found [false]
	at com.iexceed.TraditionalTestsV2.Task2.Mobile(Task2.java:233)
</failure>
    <system-err><![CDATA[1593503653701	Marionette	INFO	Stopped listening on port 38017
Starting ChromeDriver 83.0.4103.39 (ccbf011cb2d2b19b506d844400483861342c20cd-refs/branch-heads/4103@{#416}) on port 22897
Only local connections are allowed.
Please see https://chromedriver.chromium.org/security-considerations for suggestions on keeping ChromeDriver safe.
ChromeDriver was started successfully.
Jun 30, 2020 1:24:22 PM org.openqa.selenium.remote.ProtocolHandshake createSession
INFO: Detected dialect: W3C
]]></system-err>
  </testcase>
  <testcase name="Tab" classname="com.iexceed.TraditionalTestsV2.Task2" time="17.619">
    <failure message="The following asserts failed:&#10;	expected [true] but found [false],&#10;	expected [true] but found [false],&#10;	expected [true] but found [false],&#10;	expected [true] but found [false],&#10;	expected [true] but found [false],&#10;	expected [true] but found [false],&#10;	expected [true] but found [false],&#10;	expected [true] but found [false],&#10;	expected [true] but found [false],&#10;	expected [true] but found [false]" type="java.lang.AssertionError">java.lang.AssertionError: 
The following asserts failed:
	expected [true] but found [false],
	expected [true] but found [false],
	expected [true] but found [false],
	expected [true] but found [false],
	expected [true] but found [false],
	expected [true] but found [false],
	expected [true] but found [false],
	expected [true] but found [false],
	expected [true] but found [false],
	expected [true] but found [false]
	at com.iexceed.TraditionalTestsV2.Task2.Tab(Task2.java:139)
</failure>
    <system-err><![CDATA[Starting ChromeDriver 83.0.4103.39 (ccbf011cb2d2b19b506d844400483861342c20cd-refs/branch-heads/4103@{#416}) on port 7971
Only local connections are allowed.
Please see https://chromedriver.chromium.org/security-considerations for suggestions on keeping ChromeDriver safe.
ChromeDriver was started successfully.
Jun 30, 2020 1:24:41 PM org.openqa.selenium.remote.ProtocolHandshake createSession
INFO: Detected dialect: W3C
]]></system-err>
  </testcase>
  <testcase name="Tab" classname="com.iexceed.TraditionalTestsV2.Task2" time="24.285">
    <failure message="The following asserts failed:&#10;	expected [true] but found [false],&#10;	expected [true] but found [false],&#10;	expected [true] but found [false],&#10;	expected [true] but found [false],&#10;	expected [true] but found [false],&#10;	expected [true] but found [false],&#10;	expected [true] but found [false],&#10;	expected [true] but found [false],&#10;	expected [true] but found [false],&#10;	expected [true] but found [false]" type="java.lang.AssertionError">java.lang.AssertionError: 
The following asserts failed:
	expected [true] but found [false],
	expected [true] but found [false],
	expected [true] but found [false],
	expected [true] but found [false],
	expected [true] but found [false],
	expected [true] but found [false],
	expected [true] but found [false],
	expected [true] but found [false],
	expected [true] but found [false],
	expected [true] but found [false]
	at com.iexceed.TraditionalTestsV2.Task2.Tab(Task2.java:139)
</failure>
    <system-err><![CDATA[1593503698995	mozrunner::runner	INFO	Running command: "/usr/lib/firefox/firefox" "-marionette" "-foreground" "-no-remote" "-profile" "/tmp/rust_mozprofile0RvJ2v"
1593503699816	addons.webextension.doh-rollout@mozilla.org	WARN	Loading extension 'doh-rollout@mozilla.org': Reading manifest: Invalid extension permission: networkStatus
1593503701365	addons.webextension.screenshots@mozilla.org	WARN	Loading extension 'screenshots@mozilla.org': Reading manifest: Invalid extension permission: mozillaAddons
1593503701365	addons.webextension.screenshots@mozilla.org	WARN	Loading extension 'screenshots@mozilla.org': Reading manifest: Invalid extension permission: telemetry
1593503701365	addons.webextension.screenshots@mozilla.org	WARN	Loading extension 'screenshots@mozilla.org': Reading manifest: Invalid extension permission: resource://pdf.js/
1593503701365	addons.webextension.screenshots@mozilla.org	WARN	Loading extension 'screenshots@mozilla.org': Reading manifest: Invalid extension permission: about:reader*
1593503704207	Marionette	INFO	Listening on port 40923
1593503704248	Marionette	WARN	TLS certificate errors will be ignored for this session
Jun 30, 2020 1:25:04 PM org.openqa.selenium.remote.ProtocolHandshake createSession
INFO: Detected dialect: W3C
]]></system-err>
  </testcase>
  <testcase name="Laptop_Desktop" classname="com.iexceed.TraditionalTestsV2.Task3" time="11.628">
    <failure message="The following asserts failed:&#10;	expected [true] but found [false],&#10;	expected [true] but found [false],&#10;	expected [true] but found [false]" type="java.lang.AssertionError">java.lang.AssertionError: 
The following asserts failed:
	expected [true] but found [false],
	expected [true] but found [false],
	expected [true] but found [false]
	at com.iexceed.TraditionalTestsV2.Task3.Laptop_Desktop(Task3.java:62)
</failure>
    <system-err><![CDATA[1593503723260	Marionette	INFO	Stopped listening on port 40923
Starting ChromeDriver 83.0.4103.39 (ccbf011cb2d2b19b506d844400483861342c20cd-refs/branch-heads/4103@{#416}) on port 19688
Only local connections are allowed.
Please see https://chromedriver.chromium.org/security-considerations for suggestions on keeping ChromeDriver safe.
ChromeDriver was started successfully.
Jun 30, 2020 1:25:32 PM org.openqa.selenium.remote.ProtocolHandshake createSession
INFO: Detected dialect: W3C
]]></system-err>
  </testcase>
  <testcase name="Laptop_Desktop" classname="com.iexceed.TraditionalTestsV2.Task3" time="16.22">
    <failure message="The following asserts failed:&#10;	expected [true] but found [false],&#10;	expected [true] but found [false],&#10;	expected [true] but found [false],&#10;	expected [true] but found [false]" type="java.lang.AssertionError">java.lang.AssertionError: 
The following asserts failed:
	expected [true] but found [false],
	expected [true] but found [false],
	expected [true] but found [false],
	expected [true] but found [false]
	at com.iexceed.TraditionalTestsV2.Task3.Laptop_Desktop(Task3.java:62)
</failure>
    <system-err><![CDATA[1593503743307	mozrunner::runner	INFO	Running command: "/usr/lib/firefox/firefox" "-marionette" "-foreground" "-no-remote" "-profile" "/tmp/rust_mozprofilejSfMGW"
1593503744132	addons.webextension.doh-rollout@mozilla.org	WARN	Loading extension 'doh-rollout@mozilla.org': Reading manifest: Invalid extension permission: networkStatus
1593503745669	addons.webextension.screenshots@mozilla.org	WARN	Loading extension 'screenshots@mozilla.org': Reading manifest: Invalid extension permission: mozillaAddons
1593503745670	addons.webextension.screenshots@mozilla.org	WARN	Loading extension 'screenshots@mozilla.org': Reading manifest: Invalid extension permission: telemetry
1593503745670	addons.webextension.screenshots@mozilla.org	WARN	Loading extension 'screenshots@mozilla.org': Reading manifest: Invalid extension permission: resource://pdf.js/
1593503745670	addons.webextension.screenshots@mozilla.org	WARN	Loading extension 'screenshots@mozilla.org': Reading manifest: Invalid extension permission: about:reader*
1593503748250	Marionette	INFO	Listening on port 45069
1593503748322	Marionette	WARN	TLS certificate errors will be ignored for this session
Jun 30, 2020 1:25:48 PM org.openqa.selenium.remote.ProtocolHandshake createSession
INFO: Detected dialect: W3C
]]></system-err>
  </testcase>
  <testcase name="Mobile" classname="com.iexceed.TraditionalTestsV2.Task3" time="18.341">
    <failure message="The following asserts failed:&#10;	expected [true] but found [false],&#10;	expected [true] but found [false],&#10;	expected [true] but found [false],&#10;	expected [true] but found [false],&#10;	expected [true] but found [false]" type="java.lang.AssertionError">java.lang.AssertionError: 
The following asserts failed:
	expected [true] but found [false],
	expected [true] but found [false],
	expected [true] but found [false],
	expected [true] but found [false],
	expected [true] but found [false]
	at com.iexceed.TraditionalTestsV2.Task3.Mobile(Task3.java:202)
</failure>
    <system-err><![CDATA[1593503759515	Marionette	INFO	Stopped listening on port 45069
Starting ChromeDriver 83.0.4103.39 (ccbf011cb2d2b19b506d844400483861342c20cd-refs/branch-heads/4103@{#416}) on port 5329
Only local connections are allowed.
Please see https://chromedriver.chromium.org/security-considerations for suggestions on keeping ChromeDriver safe.
ChromeDriver was started successfully.
Jun 30, 2020 1:26:07 PM org.openqa.selenium.remote.ProtocolHandshake createSession
INFO: Detected dialect: W3C
]]></system-err>
  </testcase>
  <testcase name="Tab" classname="com.iexceed.TraditionalTestsV2.Task3" time="30.76">
    <failure message="The following asserts failed:&#10;	expected [true] but found [false],&#10;	expected [true] but found [false],&#10;	expected [true] but found [false],&#10;	expected [true] but found [false],&#10;	expected [true] but found [false],&#10;	expected [true] but found [false],&#10;	expected [true] but found [false],&#10;	expected [true] but found [false]" type="java.lang.AssertionError">java.lang.AssertionError: 
The following asserts failed:
	expected [true] but found [false],
	expected [true] but found [false],
	expected [true] but found [false],
	expected [true] but found [false],
	expected [true] but found [false],
	expected [true] but found [false],
	expected [true] but found [false],
	expected [true] but found [false]
	at com.iexceed.TraditionalTestsV2.Task3.Tab(Task3.java:143)
</failure>
    <system-err><![CDATA[Starting ChromeDriver 83.0.4103.39 (ccbf011cb2d2b19b506d844400483861342c20cd-refs/branch-heads/4103@{#416}) on port 28284
Only local connections are allowed.
Please see https://chromedriver.chromium.org/security-considerations for suggestions on keeping ChromeDriver safe.
ChromeDriver was started successfully.
Jun 30, 2020 1:26:25 PM org.openqa.selenium.remote.ProtocolHandshake createSession
INFO: Detected dialect: W3C
]]></system-err>
  </testcase>
  <testcase name="Tab" classname="com.iexceed.TraditionalTestsV2.Task3" time="38.933">
    <failure message="The following asserts failed:&#10;	expected [true] but found [false],&#10;	expected [true] but found [false],&#10;	expected [true] but found [false],&#10;	expected [true] but found [false],&#10;	expected [true] but found [false],&#10;	expected [true] but found [false],&#10;	expected [true] but found [false],&#10;	expected [true] but found [false],&#10;	expected [true] but found [false]" type="java.lang.AssertionError">java.lang.AssertionError: 
The following asserts failed:
	expected [true] but found [false],
	expected [true] but found [false],
	expected [true] but found [false],
	expected [true] but found [false],
	expected [true] but found [false],
	expected [true] but found [false],
	expected [true] but found [false],
	expected [true] but found [false],
	expected [true] but found [false]
	at com.iexceed.TraditionalTestsV2.Task3.Tab(Task3.java:143)
</failure>
    <system-err><![CDATA[1593503816167	mozrunner::runner	INFO	Running command: "/usr/lib/firefox/firefox" "-marionette" "-foreground" "-no-remote" "-profile" "/tmp/rust_mozprofileWRoIgO"
1593503816913	addons.webextension.doh-rollout@mozilla.org	WARN	Loading extension 'doh-rollout@mozilla.org': Reading manifest: Invalid extension permission: networkStatus
1593503818359	addons.webextension.screenshots@mozilla.org	WARN	Loading extension 'screenshots@mozilla.org': Reading manifest: Invalid extension permission: mozillaAddons
1593503818359	addons.webextension.screenshots@mozilla.org	WARN	Loading extension 'screenshots@mozilla.org': Reading manifest: Invalid extension permission: telemetry
1593503818359	addons.webextension.screenshots@mozilla.org	WARN	Loading extension 'screenshots@mozilla.org': Reading manifest: Invalid extension permission: resource://pdf.js/
1593503818360	addons.webextension.screenshots@mozilla.org	WARN	Loading extension 'screenshots@mozilla.org': Reading manifest: Invalid extension permission: about:reader*
1593503821084	Marionette	INFO	Listening on port 36875
1593503821183	Marionette	WARN	TLS certificate errors will be ignored for this session
Jun 30, 2020 1:27:01 PM org.openqa.selenium.remote.ProtocolHandshake createSession
INFO: Detected dialect: W3C
]]></system-err>
  </testcase>
</testsuite>